{
"contracts/Raffle.sol":{"l":{"61":3,"62":3,"63":3,"64":3,"65":3,"66":3,"67":3,"68":3,"72":11,"73":1,"75":10,"76":1,"78":9,"79":9,"85":9,"86":9,"87":9,"88":9,"89":9,"93":5,"94":5,"95":1,"101":4,"102":4,"109":4,"116":0,"117":0,"118":0,"119":0,"120":0,"121":0,"122":0,"123":0,"124":0,"126":0,"131":13,"135":1,"139":0,"143":3,"147":0,"151":0,"155":0,"159":0,"163":13},"path":"/Users/nikitakhavkin/Desktop/blockchain-projects/hardhat-lottery/contracts/Raffle.sol","s":{"1":11,"2":10,"3":9,"4":9,"5":9,"6":9,"7":9,"8":9,"9":5,"10":5,"11":4,"12":4,"13":0,"14":0,"15":0,"16":0,"17":0,"18":13,"19":1,"20":0,"21":3,"22":0,"23":0,"24":0,"25":0,"26":13},"b":{"1":[1,10],"2":[1,9],"3":[1,4],"4":[0,0]},"f":{"1":3,"2":11,"3":9,"4":5,"5":0,"6":13,"7":1,"8":0,"9":3,"10":0,"11":0,"12":0,"13":0,"14":13},"fnMap":{"1":{"name":"constructor","line":60,"loc":{"start":{"line":53,"column":2},"end":{"line":69,"column":2}}},"2":{"name":"enterRaffle","line":71,"loc":{"start":{"line":71,"column":2},"end":{"line":80,"column":2}}},"3":{"name":"checkUpkeep","line":82,"loc":{"start":{"line":82,"column":2},"end":{"line":90,"column":2}}},"4":{"name":"performUpkeep","line":92,"loc":{"start":{"line":92,"column":2},"end":{"line":110,"column":2}}},"5":{"name":"fulfillRandomWords","line":112,"loc":{"start":{"line":112,"column":2},"end":{"line":127,"column":2}}},"6":{"name":"getEntranceFee","line":130,"loc":{"start":{"line":130,"column":2},"end":{"line":132,"column":2}}},"7":{"name":"getPlayer","line":134,"loc":{"start":{"line":134,"column":2},"end":{"line":136,"column":2}}},"8":{"name":"getRecentWinner","line":138,"loc":{"start":{"line":138,"column":2},"end":{"line":140,"column":2}}},"9":{"name":"getRaffleState","line":142,"loc":{"start":{"line":142,"column":2},"end":{"line":144,"column":2}}},"10":{"name":"getNumWords","line":146,"loc":{"start":{"line":146,"column":2},"end":{"line":148,"column":2}}},"11":{"name":"getNumberOfPlayers","line":150,"loc":{"start":{"line":150,"column":2},"end":{"line":152,"column":2}}},"12":{"name":"getLatestTimeStamp","line":154,"loc":{"start":{"line":154,"column":2},"end":{"line":156,"column":2}}},"13":{"name":"getRequestConfirmations","line":158,"loc":{"start":{"line":158,"column":2},"end":{"line":160,"column":2}}},"14":{"name":"getInterval","line":162,"loc":{"start":{"line":162,"column":2},"end":{"line":164,"column":2}}}},"statementMap":{"1":{"start":{"line":72,"column":4},"end":{"line":72,"column":2125}},"2":{"start":{"line":75,"column":4},"end":{"line":75,"column":2212}},"3":{"start":{"line":78,"column":4},"end":{"line":78,"column":38}},"4":{"start":{"line":79,"column":4},"end":{"line":79,"column":32}},"5":{"start":{"line":85,"column":4},"end":{"line":85,"column":53}},"6":{"start":{"line":86,"column":4},"end":{"line":86,"column":70}},"7":{"start":{"line":87,"column":4},"end":{"line":87,"column":42}},"8":{"start":{"line":88,"column":4},"end":{"line":88,"column":47}},"9":{"start":{"line":93,"column":4},"end":{"line":93,"column":43}},"10":{"start":{"line":94,"column":4},"end":{"line":94,"column":2928}},"11":{"start":{"line":102,"column":4},"end":{"line":102,"column":3140}},"12":{"start":{"line":109,"column":4},"end":{"line":109,"column":41}},"13":{"start":{"line":116,"column":4},"end":{"line":116,"column":61}},"14":{"start":{"line":117,"column":4},"end":{"line":117,"column":59}},"15":{"start":{"line":122,"column":4},"end":{"line":122,"column":76}},"16":{"start":{"line":123,"column":4},"end":{"line":123,"column":3838}},"17":{"start":{"line":126,"column":4},"end":{"line":126,"column":35}},"18":{"start":{"line":131,"column":4},"end":{"line":131,"column":24}},"19":{"start":{"line":135,"column":4},"end":{"line":135,"column":27}},"20":{"start":{"line":139,"column":4},"end":{"line":139,"column":25}},"21":{"start":{"line":143,"column":4},"end":{"line":143,"column":24}},"22":{"start":{"line":147,"column":4},"end":{"line":147,"column":20}},"23":{"start":{"line":151,"column":4},"end":{"line":151,"column":27}},"24":{"start":{"line":155,"column":4},"end":{"line":155,"column":26}},"25":{"start":{"line":159,"column":4},"end":{"line":159,"column":32}},"26":{"start":{"line":163,"column":4},"end":{"line":163,"column":21}}},"branchMap":{"1":{"line":72,"type":"if","locations":[{"start":{"line":72,"column":4},"end":{"line":72,"column":4}},{"start":{"line":72,"column":4},"end":{"line":72,"column":4}}]},"2":{"line":75,"type":"if","locations":[{"start":{"line":75,"column":4},"end":{"line":75,"column":4}},{"start":{"line":75,"column":4},"end":{"line":75,"column":4}}]},"3":{"line":94,"type":"if","locations":[{"start":{"line":94,"column":4},"end":{"line":94,"column":4}},{"start":{"line":94,"column":4},"end":{"line":94,"column":4}}]},"4":{"line":123,"type":"if","locations":[{"start":{"line":123,"column":4},"end":{"line":123,"column":4}},{"start":{"line":123,"column":4},"end":{"line":123,"column":4}}]}}},
"contracts/test/VRFCoordinatorV2Mock.sol":{"l":{},"path":"/Users/nikitakhavkin/Desktop/blockchain-projects/hardhat-lottery/contracts/test/VRFCoordinatorV2Mock.sol","s":{},"b":{},"f":{},"fnMap":{},"statementMap":{},"branchMap":{}}}
